<?xml version="1.0" encoding="UTF-8"?>
<robot generator="Robot 7.4.1 (Python 3.13.2 on win32)" generated="2026-01-02T14:43:38.296989" rpa="false" schemaversion="5">
<suite id="s1" name="openWorkshopRegisPage" source="D:\Test Automation\TestAutomationLab\openWorkshopRegisPage.robot">
<test id="s1-t1" name="TC_01: Verify Registration Page" line="6">
<kw name="Open Register Page" owner="resource">
<kw name="Open Browser" owner="SeleniumLibrary">
<msg time="2026-01-02T14:43:38.578673" level="INFO">Opening browser 'Chrome' to base url 'http://localhost:7272/Lab4/Registration.html'.</msg>
<arg>${REGISTER URL}</arg>
<arg>${BROWSER}</arg>
<doc>Opens a new browser instance to the optional ``url``.</doc>
<status status="PASS" start="2026-01-02T14:43:38.578437" elapsed="1.427723"/>
</kw>
<kw name="Maximize Browser Window" owner="SeleniumLibrary">
<doc>Maximizes current browser window.</doc>
<status status="PASS" start="2026-01-02T14:43:40.006496" elapsed="0.078121"/>
</kw>
<kw name="Set Selenium Speed" owner="SeleniumLibrary">
<arg>1.0</arg>
<doc>Sets the delay that is waited after each Selenium command.</doc>
<status status="PASS" start="2026-01-02T14:43:40.084948" elapsed="0.000605"/>
</kw>
<kw name="Register Page Should Be Open" owner="resource">
<kw name="Title Should Be" owner="SeleniumLibrary">
<msg time="2026-01-02T14:43:41.098260" level="INFO">Page title is 'Registration'.</msg>
<arg>Registration</arg>
<doc>Verifies that the current page title equals ``title``.</doc>
<status status="PASS" start="2026-01-02T14:43:40.088098" elapsed="1.010664"/>
</kw>
<kw name="Capture Page Screenshot" owner="SeleniumLibrary">
<msg time="2026-01-02T14:43:42.226428" level="INFO" html="true">&lt;/td&gt;&lt;/tr&gt;&lt;tr&gt;&lt;td colspan="3"&gt;&lt;a href="selenium-screenshot-1.png"&gt;&lt;img src="selenium-screenshot-1.png" width="800px"&gt;&lt;/a&gt;</msg>
<doc>Takes a screenshot of the current page and embeds it into a log file.</doc>
<status status="PASS" start="2026-01-02T14:43:41.099312" elapsed="1.127270"/>
</kw>
<status status="PASS" start="2026-01-02T14:43:40.086457" elapsed="2.140268"/>
</kw>
<status status="PASS" start="2026-01-02T14:43:38.577652" elapsed="3.649152"/>
</kw>
<kw name="Close Browser" owner="resource" type="TEARDOWN">
<kw name="Close All Browsers" owner="SeleniumLibrary">
<doc>Closes all open browsers and resets the browser cache.</doc>
<status status="PASS" start="2026-01-02T14:43:42.231587" elapsed="3.663780"/>
</kw>
<status status="PASS" start="2026-01-02T14:43:42.230927" elapsed="3.664727"/>
</kw>
<status status="PASS" start="2026-01-02T14:43:38.576709" elapsed="7.319397"/>
</test>
<doc>Test for verifying user registration functionality.</doc>
<status status="PASS" start="2026-01-02T14:43:38.299800" elapsed="7.599153"/>
</suite>
<statistics>
<total>
<stat pass="1" fail="0" skip="0">All Tests</stat>
</total>
<tag>
</tag>
<suite>
<stat name="openWorkshopRegisPage" id="s1" pass="1" fail="0" skip="0">openWorkshopRegisPage</stat>
</suite>
</statistics>
<errors>
</errors>
</robot>
