<?xml version="1.0" encoding="UTF-8"?>
<robot generator="Robot 7.4.1 (Python 3.13.2 on win32)" generated="2026-01-02T15:40:13.614352" rpa="false" schemaversion="5">
<suite id="s1" name="registerSuccess" source="D:\Test Automation\TestAutomationLab\RegisterSuccess\registerSuccess.robot">
<test id="s1-t1" name="Register Success Scenario" line="6">
<kw name="Open Register Page" owner="RegisterSuccessresource">
<kw name="Set Selenium Speed" owner="SeleniumLibrary">
<arg>10.0s</arg>
<doc>Sets the delay that is waited after each Selenium command.</doc>
<status status="PASS" start="2026-01-02T15:40:13.899271" elapsed="0.000246"/>
</kw>
<kw name="Open Browser" owner="SeleniumLibrary">
<msg time="2026-01-02T15:40:13.899881" level="INFO">Opening browser 'Chrome' to base url 'http://localhost:7272/Lab4/Registration.html'.</msg>
<arg>${REGISTER URL}</arg>
<arg>${BROWSER}</arg>
<doc>Opens a new browser instance to the optional ``url``.</doc>
<status status="PASS" start="2026-01-02T15:40:13.899673" elapsed="12.105879"/>
</kw>
<kw name="Maximize Browser Window" owner="SeleniumLibrary">
<doc>Maximizes current browser window.</doc>
<status status="PASS" start="2026-01-02T15:40:26.006145" elapsed="10.056210"/>
</kw>
<status status="PASS" start="2026-01-02T15:40:13.898043" elapsed="22.164734"/>
</kw>
<kw name="Input User Info" owner="RegisterSuccessresource">
<kw name="Input Text" owner="SeleniumLibrary">
<msg time="2026-01-02T15:40:36.066309" level="INFO">Typing text 'Somyod' into text field 'id=firstname'.</msg>
<arg>id=firstname</arg>
<arg>${FIRST NAME}</arg>
<doc>Types the given ``text`` into the text field identified by ``locator``.</doc>
<status status="PASS" start="2026-01-02T15:40:36.065777" elapsed="30.315539"/>
</kw>
<kw name="Input Text" owner="SeleniumLibrary">
<msg time="2026-01-02T15:41:06.382873" level="INFO">Typing text 'Sodsai' into text field 'id=lastname'.</msg>
<arg>id=lastname</arg>
<arg>${LAST NAME}</arg>
<doc>Types the given ``text`` into the text field identified by ``locator``.</doc>
<status status="PASS" start="2026-01-02T15:41:06.382013" elapsed="30.318604"/>
</kw>
<kw name="Input Text" owner="SeleniumLibrary">
<msg time="2026-01-02T15:41:36.702390" level="INFO">Typing text 'CS KKU' into text field 'id=organization'.</msg>
<arg>id=organization</arg>
<arg>${Organization}</arg>
<doc>Types the given ``text`` into the text field identified by ``locator``.</doc>
<status status="PASS" start="2026-01-02T15:41:36.701360" elapsed="30.264931"/>
</kw>
<kw name="Input Text" owner="SeleniumLibrary">
<msg time="2026-01-02T15:42:06.967817" level="INFO">Typing text 'somyod@kkumail.com' into text field 'id=email'.</msg>
<arg>id=email</arg>
<arg>${EMAIL}</arg>
<doc>Types the given ``text`` into the text field identified by ``locator``.</doc>
<status status="PASS" start="2026-01-02T15:42:06.967023" elapsed="30.284877"/>
</kw>
<kw name="Input Text" owner="SeleniumLibrary">
<msg time="2026-01-02T15:42:37.253422" level="INFO">Typing text '091-001-1234' into text field 'id=phone'.</msg>
<arg>id=phone</arg>
<arg>${PHONE}</arg>
<doc>Types the given ``text`` into the text field identified by ``locator``.</doc>
<status status="PASS" start="2026-01-02T15:42:37.252614" elapsed="30.366004"/>
</kw>
<status status="PASS" start="2026-01-02T15:40:36.065427" elapsed="151.553640"/>
</kw>
<kw name="Submit Registration Form" owner="RegisterSuccessresource">
<kw name="Click Button" owner="SeleniumLibrary">
<msg time="2026-01-02T15:43:07.623219" level="INFO">Clicking button 'id=registerButton'.</msg>
<arg>id=registerButton</arg>
<doc>Clicks the button identified by ``locator``.</doc>
<status status="PASS" start="2026-01-02T15:43:07.622527" elapsed="30.221749"/>
</kw>
<status status="PASS" start="2026-01-02T15:43:07.621478" elapsed="30.223222"/>
</kw>
<kw name="Verify Success Page Details" owner="RegisterSuccessresource">
<kw name="Title Should Be" owner="SeleniumLibrary">
<msg time="2026-01-02T15:43:47.861397" level="INFO">Page title is 'Success'.</msg>
<arg>Success</arg>
<doc>Verifies that the current page title equals ``title``.</doc>
<status status="PASS" start="2026-01-02T15:43:37.848338" elapsed="10.013396"/>
</kw>
<kw name="Page Should Contain" owner="SeleniumLibrary">
<msg time="2026-01-02T15:44:07.933770" level="INFO">Current page contains text 'Thank you for registering with us.'.</msg>
<arg>Thank you for registering with us.</arg>
<doc>Verifies that current page contains ``text``.</doc>
<status status="PASS" start="2026-01-02T15:43:47.862208" elapsed="20.071684"/>
</kw>
<kw name="Page Should Contain" owner="SeleniumLibrary">
<msg time="2026-01-02T15:44:27.979204" level="INFO">Current page contains text 'We will send a confirmation to your email soon.'.</msg>
<arg>We will send a confirmation to your email soon.</arg>
<doc>Verifies that current page contains ``text``.</doc>
<status status="PASS" start="2026-01-02T15:44:07.934095" elapsed="20.045429"/>
</kw>
<status status="PASS" start="2026-01-02T15:43:37.847819" elapsed="50.131929"/>
</kw>
<kw name="Capture Page Screenshot" owner="SeleniumLibrary">
<msg time="2026-01-02T15:44:38.234976" level="INFO" html="true">&lt;/td&gt;&lt;/tr&gt;&lt;tr&gt;&lt;td colspan="3"&gt;&lt;a href="selenium-screenshot-1.png"&gt;&lt;img src="selenium-screenshot-1.png" width="800px"&gt;&lt;/a&gt;</msg>
<doc>Takes a screenshot of the current page and embeds it into a log file.</doc>
<status status="PASS" start="2026-01-02T15:44:27.980506" elapsed="10.254666"/>
</kw>
<kw name="Close Browser" owner="SeleniumLibrary" type="TEARDOWN">
<doc>Closes the current browser.</doc>
<status status="PASS" start="2026-01-02T15:44:38.248206" elapsed="12.821217"/>
</kw>
<doc>Test for Register Success case Scenario</doc>
<status status="PASS" start="2026-01-02T15:40:13.897333" elapsed="277.173074"/>
</test>
<status status="PASS" start="2026-01-02T15:40:13.616382" elapsed="277.457014"/>
</suite>
<statistics>
<total>
<stat pass="1" fail="0" skip="0">All Tests</stat>
</total>
<tag>
</tag>
<suite>
<stat name="registerSuccess" id="s1" pass="1" fail="0" skip="0">registerSuccess</stat>
</suite>
</statistics>
<errors>
</errors>
</robot>
