<?xml version="1.0" encoding="UTF-8"?>
<robot generator="Robot 7.4.1 (Python 3.13.2 on win32)" generated="2026-01-02T17:06:13.480501" rpa="false" schemaversion="5">
<suite id="s1" name="testInvalidPhone" source="D:\Test Automation\TestAutomationLab\InvalidPhoneNumber\testInvalidPhone.robot">
<test id="s1-t1" name="Register Fail Scenario" line="7">
<kw name="Open Register Page" owner="resource">
<kw name="Open Browser" owner="SeleniumLibrary">
<msg time="2026-01-02T17:06:14.008159" level="INFO">Opening browser 'Chrome' to base url 'http://localhost:7272/Lab4/Registration.html'.</msg>
<arg>${REGISTER URL}</arg>
<arg>${BROWSER}</arg>
<doc>Opens a new browser instance to the optional ``url``.</doc>
<status status="PASS" start="2026-01-02T17:06:14.007782" elapsed="1.701697"/>
</kw>
<kw name="Maximize Browser Window" owner="SeleniumLibrary">
<doc>Maximizes current browser window.</doc>
<status status="PASS" start="2026-01-02T17:06:15.710066" elapsed="0.049474"/>
</kw>
<kw name="Set Selenium Speed" owner="SeleniumLibrary">
<arg>1.0</arg>
<doc>Sets the delay that is waited after each Selenium command.</doc>
<status status="PASS" start="2026-01-02T17:06:15.760069" elapsed="0.000496"/>
</kw>
<kw name="Register Page Should Be Open" owner="resource">
<kw name="Title Should Be" owner="SeleniumLibrary">
<msg time="2026-01-02T17:06:16.771988" level="INFO">Page title is 'Registration'.</msg>
<arg>Registration</arg>
<doc>Verifies that the current page title equals ``title``.</doc>
<status status="PASS" start="2026-01-02T17:06:15.761714" elapsed="1.010650"/>
</kw>
<kw name="Capture Page Screenshot" owner="SeleniumLibrary">
<msg time="2026-01-02T17:06:17.953734" level="INFO" html="true">&lt;/td&gt;&lt;/tr&gt;&lt;tr&gt;&lt;td colspan="3"&gt;&lt;a href="selenium-screenshot-3.png"&gt;&lt;img src="selenium-screenshot-3.png" width="800px"&gt;&lt;/a&gt;</msg>
<doc>Takes a screenshot of the current page and embeds it into a log file.</doc>
<status status="PASS" start="2026-01-02T17:06:16.772891" elapsed="1.181305"/>
</kw>
<status status="PASS" start="2026-01-02T17:06:15.760974" elapsed="2.193546"/>
</kw>
<status status="PASS" start="2026-01-02T17:06:14.006360" elapsed="3.948334"/>
</kw>
<kw name="Input User Info" owner="resourceInvalidPhone">
<kw name="Input Text" owner="SeleniumLibrary">
<msg time="2026-01-02T17:06:17.964983" level="INFO">Typing text 'Somyod' into text field 'id=firstname'.</msg>
<arg>id=firstname</arg>
<arg>${FIRST NAME}</arg>
<doc>Types the given ``text`` into the text field identified by ``locator``.</doc>
<status status="PASS" start="2026-01-02T17:06:17.962827" elapsed="3.360053"/>
</kw>
<kw name="Input Text" owner="SeleniumLibrary">
<msg time="2026-01-02T17:06:21.323957" level="INFO">Typing text 'Sodsai' into text field 'id=lastname'.</msg>
<arg>id=lastname</arg>
<arg>${LAST NAME}</arg>
<doc>Types the given ``text`` into the text field identified by ``locator``.</doc>
<status status="PASS" start="2026-01-02T17:06:21.323395" elapsed="3.299547"/>
</kw>
<kw name="Input Text" owner="SeleniumLibrary">
<msg time="2026-01-02T17:06:24.624250" level="INFO">Typing text 'CS KKU' into text field 'id=organization'.</msg>
<arg>id=organization</arg>
<arg>${Organization}</arg>
<doc>Types the given ``text`` into the text field identified by ``locator``.</doc>
<status status="PASS" start="2026-01-02T17:06:24.623577" elapsed="3.367202"/>
</kw>
<kw name="Input Text" owner="SeleniumLibrary">
<msg time="2026-01-02T17:06:27.992484" level="INFO">Typing text 'somyod@kkumail.com' into text field 'id=email'.</msg>
<arg>id=email</arg>
<arg>${EMAIL}</arg>
<doc>Types the given ``text`` into the text field identified by ``locator``.</doc>
<status status="PASS" start="2026-01-02T17:06:27.991814" elapsed="3.264241"/>
</kw>
<kw name="Input Text" owner="SeleniumLibrary">
<msg time="2026-01-02T17:06:31.257444" level="INFO">Typing text '1234' into text field 'id=phone'.</msg>
<arg>id=phone</arg>
<arg>${PHONE}</arg>
<doc>Types the given ``text`` into the text field identified by ``locator``.</doc>
<status status="PASS" start="2026-01-02T17:06:31.256606" elapsed="3.353883"/>
</kw>
<status status="PASS" start="2026-01-02T17:06:17.959741" elapsed="16.651312"/>
</kw>
<kw name="Submit Registration Form" owner="resourceInvalidPhone">
<kw name="Click Button" owner="SeleniumLibrary">
<msg time="2026-01-02T17:06:34.613750" level="INFO">Clicking button 'id=registerButton'.</msg>
<arg>id=registerButton</arg>
<doc>Clicks the button identified by ``locator``.</doc>
<status status="PASS" start="2026-01-02T17:06:34.613240" elapsed="3.259985"/>
</kw>
<status status="PASS" start="2026-01-02T17:06:34.612280" elapsed="3.261357"/>
</kw>
<kw name="Verify PHONE number invalid" owner="resourceInvalidPhone">
<kw name="Title Should Be" owner="SeleniumLibrary">
<msg time="2026-01-02T17:06:38.916931" level="INFO">Page title is 'Registration'.</msg>
<arg>Registration</arg>
<doc>Verifies that the current page title equals ``title``.</doc>
<status status="PASS" start="2026-01-02T17:06:37.879502" elapsed="1.038609"/>
</kw>
<kw name="Element Text Should Be" owner="SeleniumLibrary">
<msg time="2026-01-02T17:06:38.919267" level="INFO">Verifying element 'id=errors' contains exact text 'Please enter a valid phone number, e.g., 081-234-5678, 081 234 5678, or 081.234.5678)'.</msg>
<msg time="2026-01-02T17:06:42.180003" level="INFO" html="true">&lt;/td&gt;&lt;/tr&gt;&lt;tr&gt;&lt;td colspan="3"&gt;&lt;a href="selenium-screenshot-4.png"&gt;&lt;img src="selenium-screenshot-4.png" width="800px"&gt;&lt;/a&gt;</msg>
<msg time="2026-01-02T17:06:42.180499" level="FAIL">The text of element 'id=errors' should have been 'Please enter a valid phone number, e.g., 081-234-5678, 081 234 5678, or 081.234.5678)' but it was 'Please enter a valid phone number, e.g., 081-234-5678, 081 234 5678, or 081.234.5678'.</msg>
<arg>id=errors</arg>
<arg>Please enter a valid phone number, e.g., 081-234-5678, 081 234 5678, or 081.234.5678)</arg>
<doc>Verifies that element ``locator`` contains exact the text ``expected``.</doc>
<status status="FAIL" start="2026-01-02T17:06:38.918679" elapsed="3.273938">The text of element 'id=errors' should have been 'Please enter a valid phone number, e.g., 081-234-5678, 081 234 5678, or 081.234.5678)' but it was 'Please enter a valid phone number, e.g., 081-234-5678, 081 234 5678, or 081.234.5678'.</status>
</kw>
<status status="FAIL" start="2026-01-02T17:06:37.878751" elapsed="4.319638">The text of element 'id=errors' should have been 'Please enter a valid phone number, e.g., 081-234-5678, 081 234 5678, or 081.234.5678)' but it was 'Please enter a valid phone number, e.g., 081-234-5678, 081 234 5678, or 081.234.5678'.</status>
</kw>
<kw name="Capture Page Screenshot" owner="SeleniumLibrary">
<doc>Takes a screenshot of the current page and embeds it into a log file.</doc>
<status status="NOT RUN" start="2026-01-02T17:06:42.204006" elapsed="0.000131"/>
</kw>
<kw name="Close Browser" owner="resource" type="TEARDOWN">
<kw name="Close All Browsers" owner="SeleniumLibrary">
<doc>Closes all open browsers and resets the browser cache.</doc>
<status status="PASS" start="2026-01-02T17:06:42.205902" elapsed="4.077080"/>
</kw>
<status status="PASS" start="2026-01-02T17:06:42.205228" elapsed="4.078145"/>
</kw>
<doc>Test for Register Fail with invalid phone number case Scenario</doc>
<status status="FAIL" start="2026-01-02T17:06:14.005160" elapsed="32.278759">The text of element 'id=errors' should have been 'Please enter a valid phone number, e.g., 081-234-5678, 081 234 5678, or 081.234.5678)' but it was 'Please enter a valid phone number, e.g., 081-234-5678, 081 234 5678, or 081.234.5678'.</status>
</test>
<status status="FAIL" start="2026-01-02T17:06:13.483776" elapsed="32.803627"/>
</suite>
<statistics>
<total>
<stat pass="0" fail="1" skip="0">All Tests</stat>
</total>
<tag>
</tag>
<suite>
<stat name="testInvalidPhone" id="s1" pass="0" fail="1" skip="0">testInvalidPhone</stat>
</suite>
</statistics>
<errors>
</errors>
</robot>
