<?xml version="1.0" encoding="UTF-8"?>
<robot generator="Robot 7.4.1 (Python 3.13.2 on win32)" generated="2026-01-02T15:51:59.569959" rpa="false" schemaversion="5">
<suite id="s1" name="testNoOrg" source="D:\Test Automation\TestAutomationLab\RegisterSuccessNoOrganizationInfo\testNoOrg.robot">
<test id="s1-t1" name="Register Success Scenario" line="6">
<kw name="Open Register Page" owner="resourceNoOrg">
<kw name="Set Selenium Speed" owner="SeleniumLibrary">
<arg>1.0s</arg>
<doc>Sets the delay that is waited after each Selenium command.</doc>
<status status="PASS" start="2026-01-02T15:51:59.816750" elapsed="0.000204"/>
</kw>
<kw name="Open Browser" owner="SeleniumLibrary">
<msg time="2026-01-02T15:51:59.817255" level="INFO">Opening browser 'Chrome' to base url 'http://localhost:7272/Lab4/Registration.html'.</msg>
<arg>${REGISTER URL}</arg>
<arg>${BROWSER}</arg>
<doc>Opens a new browser instance to the optional ``url``.</doc>
<status status="PASS" start="2026-01-02T15:51:59.817079" elapsed="2.353412"/>
</kw>
<kw name="Maximize Browser Window" owner="SeleniumLibrary">
<doc>Maximizes current browser window.</doc>
<status status="PASS" start="2026-01-02T15:52:02.171262" elapsed="1.038269"/>
</kw>
<status status="PASS" start="2026-01-02T15:51:59.816224" elapsed="3.393521"/>
</kw>
<kw name="Input User Info" owner="resourceNoOrg">
<kw name="Input Text" owner="SeleniumLibrary">
<msg time="2026-01-02T15:52:03.211542" level="INFO">Typing text 'Somyod' into text field 'id=firstname'.</msg>
<arg>id=firstname</arg>
<arg>${FIRST NAME}</arg>
<doc>Types the given ``text`` into the text field identified by ``locator``.</doc>
<status status="PASS" start="2026-01-02T15:52:03.211067" elapsed="3.187125"/>
</kw>
<kw name="Input Text" owner="SeleniumLibrary">
<msg time="2026-01-02T15:52:06.399572" level="INFO">Typing text 'Sodsai' into text field 'id=lastname'.</msg>
<arg>id=lastname</arg>
<arg>${LAST NAME}</arg>
<doc>Types the given ``text`` into the text field identified by ``locator``.</doc>
<status status="PASS" start="2026-01-02T15:52:06.398872" elapsed="3.320421"/>
</kw>
<kw name="Input Text" owner="SeleniumLibrary">
<msg time="2026-01-02T15:52:09.720647" level="INFO">Typing text 'somyod@kkumail.com' into text field 'id=email'.</msg>
<arg>id=email</arg>
<arg>${EMAIL}</arg>
<doc>Types the given ``text`` into the text field identified by ``locator``.</doc>
<status status="PASS" start="2026-01-02T15:52:09.719903" elapsed="3.193211"/>
</kw>
<kw name="Input Text" owner="SeleniumLibrary">
<msg time="2026-01-02T15:52:12.914582" level="INFO">Typing text '091-001-1234' into text field 'id=phone'.</msg>
<arg>id=phone</arg>
<arg>${PHONE}</arg>
<doc>Types the given ``text`` into the text field identified by ``locator``.</doc>
<status status="PASS" start="2026-01-02T15:52:12.913795" elapsed="3.203328"/>
</kw>
<status status="PASS" start="2026-01-02T15:52:03.210375" elapsed="12.907271"/>
</kw>
<kw name="Submit Registration Form" owner="resourceNoOrg">
<kw name="Click Button" owner="SeleniumLibrary">
<msg time="2026-01-02T15:52:16.119957" level="INFO">Clicking button 'id=registerButton'.</msg>
<arg>id=registerButton</arg>
<doc>Clicks the button identified by ``locator``.</doc>
<status status="PASS" start="2026-01-02T15:52:16.119431" elapsed="3.158667"/>
</kw>
<status status="PASS" start="2026-01-02T15:52:16.118728" elapsed="3.159741"/>
</kw>
<kw name="Verify Success Page Details" owner="resourceNoOrg">
<kw name="Title Should Be" owner="SeleniumLibrary">
<msg time="2026-01-02T15:52:20.298575" level="INFO">Page title is 'Success'.</msg>
<arg>Success</arg>
<doc>Verifies that the current page title equals ``title``.</doc>
<status status="PASS" start="2026-01-02T15:52:19.283970" elapsed="1.022735"/>
</kw>
<kw name="Page Should Contain" owner="SeleniumLibrary">
<msg time="2026-01-02T15:52:22.373804" level="INFO">Current page contains text 'Thank you for registering with us.'.</msg>
<arg>Thank you for registering with us.</arg>
<doc>Verifies that current page contains ``text``.</doc>
<status status="PASS" start="2026-01-02T15:52:20.306940" elapsed="2.067319"/>
</kw>
<kw name="Page Should Contain" owner="SeleniumLibrary">
<msg time="2026-01-02T15:52:24.430020" level="INFO">Current page contains text 'We will send a confirmation to your email soon.'.</msg>
<arg>We will send a confirmation to your email soon.</arg>
<doc>Verifies that current page contains ``text``.</doc>
<status status="PASS" start="2026-01-02T15:52:22.374564" elapsed="2.055874"/>
</kw>
<status status="PASS" start="2026-01-02T15:52:19.282912" elapsed="5.147872"/>
</kw>
<kw name="Capture Page Screenshot" owner="SeleniumLibrary">
<msg time="2026-01-02T15:52:25.557652" level="INFO" html="true">&lt;/td&gt;&lt;/tr&gt;&lt;tr&gt;&lt;td colspan="3"&gt;&lt;a href="selenium-screenshot-1.png"&gt;&lt;img src="selenium-screenshot-1.png" width="800px"&gt;&lt;/a&gt;</msg>
<doc>Takes a screenshot of the current page and embeds it into a log file.</doc>
<status status="PASS" start="2026-01-02T15:52:24.431759" elapsed="1.126007"/>
</kw>
<kw name="Close Browser" owner="SeleniumLibrary" type="TEARDOWN">
<doc>Closes the current browser.</doc>
<status status="PASS" start="2026-01-02T15:52:25.558206" elapsed="3.635040"/>
</kw>
<doc>Test for Register Success case Scenario</doc>
<status status="PASS" start="2026-01-02T15:51:59.815526" elapsed="29.380855"/>
</test>
<status status="PASS" start="2026-01-02T15:51:59.571862" elapsed="29.626866"/>
</suite>
<statistics>
<total>
<stat pass="1" fail="0" skip="0">All Tests</stat>
</total>
<tag>
</tag>
<suite>
<stat name="testNoOrg" id="s1" pass="1" fail="0" skip="0">testNoOrg</stat>
</suite>
</statistics>
<errors>
</errors>
</robot>
